

*******************************************************************************
Fri Dec  9 23:07:40 2022


FIT:    data read from 'data/mft_lnm_1.dat' using 1:2
        format = x:z
        #datapoints = 15
        residuals are weighted equally (unit weight)

function used for fitting: f(x)
	f(x) = m1*x + q1
fitted parameters initialized with current variable values

iter      chisq       delta/lim  lambda   m1            q1           
   0 3.4719571298e+02   0.00e+00  4.09e+00    1.000000e+00   1.000000e+00
BREAK: Singular matrix in Invert_RtR

*******************************************************************************
Fri Dec  9 23:07:43 2022


FIT:    data read from 'data/mft_lnm_1.dat' using 1:2
        format = x:z
        #datapoints = 15
        residuals are weighted equally (unit weight)

function used for fitting: f(x)
	f(x) = m1*x + q1
fitted parameters initialized with current variable values

iter      chisq       delta/lim  lambda   m1            q1           
   0 2.2517273490e+02   0.00e+00  4.09e+00    1.000000e+00   1.000000e+00
BREAK: Singular matrix in Invert_RtR

*******************************************************************************
Fri Dec  9 23:07:44 2022


FIT:    data read from 'data/mft_lnm_1.dat' using 1:2
        format = x:z
        #datapoints = 15
        residuals are weighted equally (unit weight)

function used for fitting: f(x)
	f(x) = m1*x + q1
fitted parameters initialized with current variable values

iter      chisq       delta/lim  lambda   m1            q1           
   0 3.3129765903e+02   0.00e+00  4.09e+00    1.000000e+00   1.000000e+00
BREAK: Singular matrix in Invert_RtR

*******************************************************************************
Fri Dec  9 23:07:45 2022


FIT:    data read from 'data/mft_lnm_1.dat' using 1:2
        format = x:z
        #datapoints = 15
        residuals are weighted equally (unit weight)

function used for fitting: f(x)
	f(x) = m1*x + q1
fitted parameters initialized with current variable values

iter      chisq       delta/lim  lambda   m1            q1           
   0 3.6124127267e+02   0.00e+00  4.09e+00    1.000000e+00   1.000000e+00
  14 1.0065819891e-28   0.00e+00  4.09e+02    4.718594e-16   3.568053e-02

After 14 iterations the fit converged.
final sum of squares of residuals : 1.00658e-28
rel. change during last iteration : 0

degrees of freedom    (FIT_NDF)                        : 13
rms of residuals      (FIT_STDFIT) = sqrt(WSSR/ndf)    : 2.78261e-15
variance of residuals (reduced chisquare) = WSSR/ndf   : 7.74294e-30

Final set of parameters            Asymptotic Standard Error
=======================            ==========================
m1              = 4.71859e-16      +/- 1.036e-16    (21.96%)
q1              = 0.0356805        +/- 8.799e-16    (2.466e-12%)

correlation matrix of the fit parameters:
                m1     q1     
m1              1.000 
q1              0.577  1.000 


*******************************************************************************
Fri Dec  9 23:07:45 2022


FIT:    data read from 'data/mft_lnm_2.dat' using 1:2
        format = x:z
        #datapoints = 15
        residuals are weighted equally (unit weight)

function used for fitting: g(x)
	g(x) = m2*x + q2
fitted parameters initialized with current variable values

iter      chisq       delta/lim  lambda   m2            q2           
   0 5.9516738619e+02   0.00e+00  4.09e+00    1.000000e+00   1.000000e+00
   4 8.1026904633e-02  -9.64e-04  4.09e-04   -2.322613e-01   1.253539e-01

After 4 iterations the fit converged.
final sum of squares of residuals : 0.0810269
rel. change during last iteration : -9.6387e-09

degrees of freedom    (FIT_NDF)                        : 13
rms of residuals      (FIT_STDFIT) = sqrt(WSSR/ndf)    : 0.0789483
variance of residuals (reduced chisquare) = WSSR/ndf   : 0.00623284

Final set of parameters            Asymptotic Standard Error
=======================            ==========================
m2              = -0.232261        +/- 0.006807     (2.931%)
q2              = 0.125354         +/- 0.03881      (30.96%)

correlation matrix of the fit parameters:
                m2     q2     
m2              1.000 
q2              0.851  1.000 


*******************************************************************************
Fri Dec  9 23:07:45 2022


FIT:    data read from 'data/mft_lnm_3.dat' using 1:2
        format = x:z
        #datapoints = 15
        residuals are weighted equally (unit weight)

function used for fitting: h(x)
	h(x) = m3*x + q3
fitted parameters initialized with current variable values

iter      chisq       delta/lim  lambda   m3            q3           
   0 1.0391244668e+03   0.00e+00  4.09e+00    1.000000e+00   1.000000e+00
   4 4.2262192083e-01  -1.81e-04  4.09e-04   -5.785921e-01   1.888217e-01

After 4 iterations the fit converged.
final sum of squares of residuals : 0.422622
rel. change during last iteration : -1.80862e-09

degrees of freedom    (FIT_NDF)                        : 13
rms of residuals      (FIT_STDFIT) = sqrt(WSSR/ndf)    : 0.180304
variance of residuals (reduced chisquare) = WSSR/ndf   : 0.0325094

Final set of parameters            Asymptotic Standard Error
=======================            ==========================
m3              = -0.578592        +/- 0.01555      (2.687%)
q3              = 0.188822         +/- 0.08864      (46.94%)

correlation matrix of the fit parameters:
                m3     q3     
m3              1.000 
q3              0.851  1.000 
